{"/var/www/human-utils/packages/app/src/hooks/index.ts": {"path":"/var/www/human-utils/packages/app/src/hooks/index.ts","statementMap":{"0":{"start":{"line":10,"column":0},"end":{"line":10,"column":9}},"1":{"start":{"line":10,"column":9},"end":{"line":10,"column":46}},"2":{"start":{"line":11,"column":0},"end":{"line":11,"column":9}},"3":{"start":{"line":11,"column":9},"end":{"line":11,"column":42}},"4":{"start":{"line":12,"column":0},"end":{"line":12,"column":9}},"5":{"start":{"line":12,"column":9},"end":{"line":12,"column":44}}},"fnMap":{"0":{"name":"(anonymous_0)","decl":{"start":{"line":10,"column":9},"end":{"line":10,"column":21}},"loc":{"start":{"line":10,"column":9},"end":{"line":10,"column":46}}},"1":{"name":"(anonymous_1)","decl":{"start":{"line":11,"column":9},"end":{"line":11,"column":19}},"loc":{"start":{"line":11,"column":9},"end":{"line":11,"column":42}}},"2":{"name":"(anonymous_2)","decl":{"start":{"line":12,"column":9},"end":{"line":12,"column":20}},"loc":{"start":{"line":12,"column":9},"end":{"line":12,"column":44}}}},"branchMap":{},"s":{"0":0,"1":0,"2":0,"3":0,"4":0,"5":0},"f":{"0":0,"1":0,"2":0},"b":{}}
,"/var/www/human-utils/packages/app/src/hooks/useClipboard.ts": {"path":"/var/www/human-utils/packages/app/src/hooks/useClipboard.ts","statementMap":{"0":{"start":{"line":10,"column":0},"end":{"line":10,"column":37}},"1":{"start":{"line":11,"column":0},"end":{"line":11,"column":44}},"2":{"start":{"line":12,"column":0},"end":{"line":12,"column":55}},"3":{"start":{"line":13,"column":0},"end":{"line":13,"column":44}},"4":{"start":{"line":15,"column":28},"end":{"line":62,"column":1}},"5":{"start":{"line":19,"column":15},"end":{"line":31,"column":3}},"6":{"start":{"line":23,"column":4},"end":{"line":30,"column":5}},"7":{"start":{"line":24,"column":6},"end":{"line":24,"column":43}},"8":{"start":{"line":25,"column":6},"end":{"line":25,"column":44}},"9":{"start":{"line":26,"column":6},"end":{"line":26,"column":73}},"10":{"start":{"line":28,"column":6},"end":{"line":28,"column":51}},"11":{"start":{"line":29,"column":6},"end":{"line":29,"column":58}},"12":{"start":{"line":36,"column":16},"end":{"line":46,"column":3}},"13":{"start":{"line":37,"column":4},"end":{"line":45,"column":5}},"14":{"start":{"line":38,"column":19},"end":{"line":38,"column":51}},"15":{"start":{"line":39,"column":6},"end":{"line":39,"column":74}},"16":{"start":{"line":40,"column":6},"end":{"line":40,"column":18}},"17":{"start":{"line":42,"column":6},"end":{"line":42,"column":52}},"18":{"start":{"line":43,"column":6},"end":{"line":43,"column":61}},"19":{"start":{"line":44,"column":6},"end":{"line":44,"column":16}},"20":{"start":{"line":51,"column":21},"end":{"line":59,"column":3}},"21":{"start":{"line":52,"column":4},"end":{"line":58,"column":5}},"22":{"start":{"line":53,"column":19},"end":{"line":53,"column":51}},"23":{"start":{"line":54,"column":6},"end":{"line":54,"column":29}},"24":{"start":{"line":56,"column":6},"end":{"line":56,"column":52}},"25":{"start":{"line":57,"column":6},"end":{"line":57,"column":19}},"26":{"start":{"line":61,"column":2},"end":{"line":61,"column":37}},"27":{"start":{"line":15,"column":13},"end":{"line":15,"column":28}}},"fnMap":{"0":{"name":"(anonymous_9)","decl":{"start":{"line":15,"column":28},"end":{"line":15,"column":31}},"loc":{"start":{"line":15,"column":33},"end":{"line":62,"column":1}}},"1":{"name":"(anonymous_10)","decl":{"start":{"line":19,"column":15},"end":{"line":19,"column":20}},"loc":{"start":{"line":22,"column":21},"end":{"line":31,"column":3}}},"2":{"name":"(anonymous_11)","decl":{"start":{"line":36,"column":16},"end":{"line":36,"column":21}},"loc":{"start":{"line":36,"column":44},"end":{"line":46,"column":3}}},"3":{"name":"(anonymous_12)","decl":{"start":{"line":51,"column":21},"end":{"line":51,"column":26}},"loc":{"start":{"line":51,"column":50},"end":{"line":59,"column":3}}}},"branchMap":{"0":{"loc":{"start":{"line":21,"column":4},"end":{"line":21,"column":52}},"type":"default-arg","locations":[{"start":{"line":21,"column":29},"end":{"line":21,"column":52}}]}},"s":{"0":0,"1":0,"2":0,"3":0,"4":0,"5":0,"6":0,"7":0,"8":0,"9":0,"10":0,"11":0,"12":0,"13":0,"14":0,"15":0,"16":0,"17":0,"18":0,"19":0,"20":0,"21":0,"22":0,"23":0,"24":0,"25":0,"26":0,"27":0},"f":{"0":0,"1":0,"2":0,"3":0},"b":{"0":[0]}}
,"/var/www/human-utils/packages/app/src/hooks/useDebounce.ts": {"path":"/var/www/human-utils/packages/app/src/hooks/useDebounce.ts","statementMap":{"0":{"start":{"line":10,"column":0},"end":{"line":10,"column":44}},"1":{"start":{"line":11,"column":0},"end":{"line":11,"column":45}},"2":{"start":{"line":31,"column":27},"end":{"line":48,"column":1}},"3":{"start":{"line":35,"column":46},"end":{"line":35,"column":64}},"4":{"start":{"line":37,"column":2},"end":{"line":45,"column":21}},"5":{"start":{"line":38,"column":20},"end":{"line":40,"column":13}},"6":{"start":{"line":39,"column":6},"end":{"line":39,"column":31}},"7":{"start":{"line":42,"column":4},"end":{"line":44,"column":6}},"8":{"start":{"line":43,"column":6},"end":{"line":43,"column":28}},"9":{"start":{"line":47,"column":2},"end":{"line":47,"column":24}},"10":{"start":{"line":31,"column":13},"end":{"line":31,"column":27}}},"fnMap":{"0":{"name":"(anonymous_0)","decl":{"start":{"line":31,"column":27},"end":{"line":31,"column":null}},"loc":{"start":{"line":34,"column":7},"end":{"line":48,"column":1}}},"1":{"name":"(anonymous_1)","decl":{"start":{"line":37,"column":12},"end":{"line":37,"column":15}},"loc":{"start":{"line":37,"column":17},"end":{"line":45,"column":3}}},"2":{"name":"(anonymous_2)","decl":{"start":{"line":38,"column":31},"end":{"line":38,"column":34}},"loc":{"start":{"line":38,"column":36},"end":{"line":40,"column":5}}},"3":{"name":"(anonymous_3)","decl":{"start":{"line":42,"column":11},"end":{"line":42,"column":14}},"loc":{"start":{"line":42,"column":16},"end":{"line":44,"column":5}}}},"branchMap":{"0":{"loc":{"start":{"line":33,"column":2},"end":{"line":33,"column":59}},"type":"default-arg","locations":[{"start":{"line":33,"column":18},"end":{"line":33,"column":59}}]}},"s":{"0":0,"1":0,"2":0,"3":0,"4":0,"5":0,"6":0,"7":0,"8":0,"9":0,"10":0},"f":{"0":0,"1":0,"2":0,"3":0},"b":{"0":[0]}}
,"/var/www/human-utils/packages/app/src/hooks/useHistory.ts": {"path":"/var/www/human-utils/packages/app/src/hooks/useHistory.ts","statementMap":{"0":{"start":{"line":10,"column":0},"end":{"line":10,"column":33}},"1":{"start":{"line":11,"column":0},"end":{"line":11,"column":37}},"2":{"start":{"line":12,"column":0},"end":{"line":12,"column":45}},"3":{"start":{"line":20,"column":26},"end":{"line":80,"column":1}},"4":{"start":{"line":23,"column":32},"end":{"line":23,"column":49}},"5":{"start":{"line":28,"column":23},"end":{"line":36,"column":3}},"6":{"start":{"line":29,"column":21},"end":{"line":33,"column":11}},"7":{"start":{"line":35,"column":4},"end":{"line":35,"column":65}},"8":{"start":{"line":35,"column":25},"end":{"line":35,"column":63}},"9":{"start":{"line":41,"column":23},"end":{"line":57,"column":3}},"10":{"start":{"line":42,"column":4},"end":{"line":56,"column":6}},"11":{"start":{"line":51,"column":12},"end":{"line":51,"column":27}},"12":{"start":{"line":52,"column":12},"end":{"line":52,"column":39}},"13":{"start":{"line":52,"column":27},"end":{"line":52,"column":39}},"14":{"start":{"line":62,"column":29},"end":{"line":64,"column":3}},"15":{"start":{"line":63,"column":4},"end":{"line":63,"column":66}},"16":{"start":{"line":63,"column":25},"end":{"line":63,"column":64}},"17":{"start":{"line":63,"column":48},"end":{"line":63,"column":63}},"18":{"start":{"line":69,"column":26},"end":{"line":71,"column":3}},"19":{"start":{"line":70,"column":4},"end":{"line":70,"column":52}},"20":{"start":{"line":70,"column":35},"end":{"line":70,"column":50}},"21":{"start":{"line":73,"column":2},"end":{"line":79,"column":4}},"22":{"start":{"line":20,"column":13},"end":{"line":20,"column":26}}},"fnMap":{"0":{"name":"(anonymous_0)","decl":{"start":{"line":20,"column":26},"end":{"line":20,"column":null}},"loc":{"start":{"line":22,"column":4},"end":{"line":80,"column":1}}},"1":{"name":"(anonymous_1)","decl":{"start":{"line":28,"column":23},"end":{"line":28,"column":24}},"loc":{"start":{"line":28,"column":68},"end":{"line":36,"column":3}}},"2":{"name":"(anonymous_2)","decl":{"start":{"line":35,"column":15},"end":{"line":35,"column":16}},"loc":{"start":{"line":35,"column":25},"end":{"line":35,"column":63}}},"3":{"name":"(anonymous_3)","decl":{"start":{"line":41,"column":23},"end":{"line":41,"column":24}},"loc":{"start":{"line":41,"column":56},"end":{"line":57,"column":3}}},"4":{"name":"(anonymous_4)","decl":{"start":{"line":50,"column":19},"end":{"line":50,"column":22}},"loc":{"start":{"line":50,"column":24},"end":{"line":53,"column":11}}},"5":{"name":"(anonymous_5)","decl":{"start":{"line":62,"column":29},"end":{"line":62,"column":30}},"loc":{"start":{"line":62,"column":50},"end":{"line":64,"column":3}}},"6":{"name":"(anonymous_6)","decl":{"start":{"line":63,"column":15},"end":{"line":63,"column":16}},"loc":{"start":{"line":63,"column":25},"end":{"line":63,"column":64}}},"7":{"name":"(anonymous_7)","decl":{"start":{"line":63,"column":37},"end":{"line":63,"column":38}},"loc":{"start":{"line":63,"column":48},"end":{"line":63,"column":63}}},"8":{"name":"(anonymous_8)","decl":{"start":{"line":69,"column":26},"end":{"line":69,"column":27}},"loc":{"start":{"line":69,"column":56},"end":{"line":71,"column":3}}},"9":{"name":"(anonymous_9)","decl":{"start":{"line":70,"column":24},"end":{"line":70,"column":25}},"loc":{"start":{"line":70,"column":35},"end":{"line":70,"column":50}}}},"branchMap":{"0":{"loc":{"start":{"line":21,"column":2},"end":{"line":21,"column":45}},"type":"default-arg","locations":[{"start":{"line":21,"column":21},"end":{"line":21,"column":45}}]},"1":{"loc":{"start":{"line":52,"column":12},"end":{"line":52,"column":39}},"type":"if","locations":[{"start":{"line":52,"column":12},"end":{"line":52,"column":39}},{"start":{},"end":{}}]}},"s":{"0":0,"1":0,"2":0,"3":0,"4":0,"5":0,"6":0,"7":0,"8":0,"9":0,"10":0,"11":0,"12":0,"13":0,"14":0,"15":0,"16":0,"17":0,"18":0,"19":0,"20":0,"21":0,"22":0},"f":{"0":0,"1":0,"2":0,"3":0,"4":0,"5":0,"6":0,"7":0,"8":0,"9":0},"b":{"0":[0],"1":[0,0]}}
,"/var/www/human-utils/packages/app/src/hooks/__tests__/useDebounce.test.ts": {"path":"/var/www/human-utils/packages/app/src/hooks/__tests__/useDebounce.test.ts","statementMap":{"0":{"start":{"line":7,"column":0},"end":{"line":7,"column":57}},"1":{"start":{"line":8,"column":0},"end":{"line":8,"column":45}},"2":{"start":{"line":10,"column":0},"end":{"line":10,"column":21}},"3":{"start":{"line":12,"column":0},"end":{"line":117,"column":3}},"4":{"start":{"line":13,"column":2},"end":{"line":15,"column":5}},"5":{"start":{"line":14,"column":4},"end":{"line":14,"column":26}},"6":{"start":{"line":17,"column":2},"end":{"line":20,"column":5}},"7":{"start":{"line":18,"column":23},"end":{"line":18,"column":68}},"8":{"start":{"line":18,"column":40},"end":{"line":18,"column":67}},"9":{"start":{"line":19,"column":4},"end":{"line":19,"column":43}},"10":{"start":{"line":22,"column":2},"end":{"line":43,"column":5}},"11":{"start":{"line":23,"column":33},"end":{"line":25,"column":null}},"12":{"start":{"line":24,"column":28},"end":{"line":24,"column":53}},"13":{"start":{"line":28,"column":4},"end":{"line":28,"column":43}},"14":{"start":{"line":31,"column":4},"end":{"line":31,"column":47}},"15":{"start":{"line":34,"column":4},"end":{"line":34,"column":43}},"16":{"start":{"line":37,"column":4},"end":{"line":39,"column":7}},"17":{"start":{"line":38,"column":6},"end":{"line":38,"column":36}},"18":{"start":{"line":42,"column":4},"end":{"line":42,"column":43}},"19":{"start":{"line":45,"column":2},"end":{"line":70,"column":5}},"20":{"start":{"line":46,"column":33},"end":{"line":48,"column":null}},"21":{"start":{"line":47,"column":21},"end":{"line":47,"column":44}},"22":{"start":{"line":51,"column":4},"end":{"line":51,"column":35}},"23":{"start":{"line":52,"column":4},"end":{"line":54,"column":7}},"24":{"start":{"line":53,"column":6},"end":{"line":53,"column":36}},"25":{"start":{"line":56,"column":4},"end":{"line":56,"column":35}},"26":{"start":{"line":57,"column":4},"end":{"line":59,"column":7}},"27":{"start":{"line":58,"column":6},"end":{"line":58,"column":36}},"28":{"start":{"line":62,"column":4},"end":{"line":62,"column":43}},"29":{"start":{"line":64,"column":4},"end":{"line":66,"column":7}},"30":{"start":{"line":65,"column":6},"end":{"line":65,"column":36}},"31":{"start":{"line":69,"column":4},"end":{"line":69,"column":43}},"32":{"start":{"line":72,"column":2},"end":{"line":89,"column":5}},"33":{"start":{"line":73,"column":33},"end":{"line":75,"column":null}},"34":{"start":{"line":74,"column":28},"end":{"line":74,"column":53}},"35":{"start":{"line":78,"column":4},"end":{"line":78,"column":48}},"36":{"start":{"line":80,"column":4},"end":{"line":82,"column":7}},"37":{"start":{"line":81,"column":6},"end":{"line":81,"column":36}},"38":{"start":{"line":83,"column":4},"end":{"line":83,"column":43}},"39":{"start":{"line":85,"column":4},"end":{"line":87,"column":7}},"40":{"start":{"line":86,"column":6},"end":{"line":86,"column":34}},"41":{"start":{"line":88,"column":4},"end":{"line":88,"column":43}},"42":{"start":{"line":91,"column":2},"end":{"line":105,"column":5}},"43":{"start":{"line":92,"column":33},"end":{"line":94,"column":null}},"44":{"start":{"line":93,"column":21},"end":{"line":93,"column":44}},"45":{"start":{"line":97,"column":21},"end":{"line":97,"column":33}},"46":{"start":{"line":98,"column":4},"end":{"line":98,"column":34}},"47":{"start":{"line":100,"column":4},"end":{"line":102,"column":7}},"48":{"start":{"line":101,"column":6},"end":{"line":101,"column":36}},"49":{"start":{"line":104,"column":4},"end":{"line":104,"column":49}},"50":{"start":{"line":107,"column":2},"end":{"line":116,"column":5}},"51":{"start":{"line":108,"column":24},"end":{"line":108,"column":67}},"52":{"start":{"line":108,"column":41},"end":{"line":108,"column":66}},"53":{"start":{"line":110,"column":4},"end":{"line":110,"column":14}},"54":{"start":{"line":113,"column":4},"end":{"line":115,"column":7}},"55":{"start":{"line":114,"column":6},"end":{"line":114,"column":36}}},"fnMap":{"0":{"name":"(anonymous_0)","decl":{"start":{"line":12,"column":24},"end":{"line":12,"column":27}},"loc":{"start":{"line":12,"column":29},"end":{"line":117,"column":1}}},"1":{"name":"(anonymous_1)","decl":{"start":{"line":13,"column":12},"end":{"line":13,"column":15}},"loc":{"start":{"line":13,"column":17},"end":{"line":15,"column":3}}},"2":{"name":"(anonymous_2)","decl":{"start":{"line":17,"column":48},"end":{"line":17,"column":51}},"loc":{"start":{"line":17,"column":53},"end":{"line":20,"column":3}}},"3":{"name":"(anonymous_3)","decl":{"start":{"line":18,"column":34},"end":{"line":18,"column":37}},"loc":{"start":{"line":18,"column":40},"end":{"line":18,"column":67}}},"4":{"name":"(anonymous_4)","decl":{"start":{"line":22,"column":38},"end":{"line":22,"column":41}},"loc":{"start":{"line":22,"column":43},"end":{"line":43,"column":3}}},"5":{"name":"(anonymous_5)","decl":{"start":{"line":24,"column":6},"end":{"line":24,"column":7}},"loc":{"start":{"line":24,"column":28},"end":{"line":24,"column":53}}},"6":{"name":"(anonymous_6)","decl":{"start":{"line":37,"column":8},"end":{"line":37,"column":11}},"loc":{"start":{"line":37,"column":13},"end":{"line":39,"column":5}}},"7":{"name":"(anonymous_7)","decl":{"start":{"line":45,"column":56},"end":{"line":45,"column":59}},"loc":{"start":{"line":45,"column":61},"end":{"line":70,"column":3}}},"8":{"name":"(anonymous_8)","decl":{"start":{"line":47,"column":6},"end":{"line":47,"column":7}},"loc":{"start":{"line":47,"column":21},"end":{"line":47,"column":44}}},"9":{"name":"(anonymous_9)","decl":{"start":{"line":52,"column":8},"end":{"line":52,"column":11}},"loc":{"start":{"line":52,"column":13},"end":{"line":54,"column":5}}},"10":{"name":"(anonymous_10)","decl":{"start":{"line":57,"column":8},"end":{"line":57,"column":11}},"loc":{"start":{"line":57,"column":13},"end":{"line":59,"column":5}}},"11":{"name":"(anonymous_11)","decl":{"start":{"line":64,"column":8},"end":{"line":64,"column":11}},"loc":{"start":{"line":64,"column":13},"end":{"line":66,"column":5}}},"12":{"name":"(anonymous_12)","decl":{"start":{"line":72,"column":48},"end":{"line":72,"column":51}},"loc":{"start":{"line":72,"column":53},"end":{"line":89,"column":3}}},"13":{"name":"(anonymous_13)","decl":{"start":{"line":74,"column":6},"end":{"line":74,"column":7}},"loc":{"start":{"line":74,"column":28},"end":{"line":74,"column":53}}},"14":{"name":"(anonymous_14)","decl":{"start":{"line":80,"column":8},"end":{"line":80,"column":11}},"loc":{"start":{"line":80,"column":13},"end":{"line":82,"column":5}}},"15":{"name":"(anonymous_15)","decl":{"start":{"line":85,"column":8},"end":{"line":85,"column":11}},"loc":{"start":{"line":85,"column":13},"end":{"line":87,"column":5}}},"16":{"name":"(anonymous_16)","decl":{"start":{"line":91,"column":44},"end":{"line":91,"column":47}},"loc":{"start":{"line":91,"column":49},"end":{"line":105,"column":3}}},"17":{"name":"(anonymous_17)","decl":{"start":{"line":93,"column":6},"end":{"line":93,"column":7}},"loc":{"start":{"line":93,"column":21},"end":{"line":93,"column":44}}},"18":{"name":"(anonymous_18)","decl":{"start":{"line":100,"column":8},"end":{"line":100,"column":11}},"loc":{"start":{"line":100,"column":13},"end":{"line":102,"column":5}}},"19":{"name":"(anonymous_19)","decl":{"start":{"line":107,"column":42},"end":{"line":107,"column":45}},"loc":{"start":{"line":107,"column":47},"end":{"line":116,"column":3}}},"20":{"name":"(anonymous_20)","decl":{"start":{"line":108,"column":35},"end":{"line":108,"column":38}},"loc":{"start":{"line":108,"column":41},"end":{"line":108,"column":66}}},"21":{"name":"(anonymous_21)","decl":{"start":{"line":113,"column":8},"end":{"line":113,"column":11}},"loc":{"start":{"line":113,"column":13},"end":{"line":115,"column":5}}}},"branchMap":{},"s":{"0":0,"1":0,"2":0,"3":0,"4":0,"5":0,"6":0,"7":0,"8":0,"9":0,"10":0,"11":0,"12":0,"13":0,"14":0,"15":0,"16":0,"17":0,"18":0,"19":0,"20":0,"21":0,"22":0,"23":0,"24":0,"25":0,"26":0,"27":0,"28":0,"29":0,"30":0,"31":0,"32":0,"33":0,"34":0,"35":0,"36":0,"37":0,"38":0,"39":0,"40":0,"41":0,"42":0,"43":0,"44":0,"45":0,"46":0,"47":0,"48":0,"49":0,"50":0,"51":0,"52":0,"53":0,"54":0,"55":0},"f":{"0":0,"1":0,"2":0,"3":0,"4":0,"5":0,"6":0,"7":0,"8":0,"9":0,"10":0,"11":0,"12":0,"13":0,"14":0,"15":0,"16":0,"17":0,"18":0,"19":0,"20":0,"21":0},"b":{}}
,"/var/www/human-utils/packages/app/src/services/FileService.ts": {"path":"/var/www/human-utils/packages/app/src/services/FileService.ts","statementMap":{"0":{"start":{"line":11,"column":0},"end":{"line":11,"column":54}},"1":{"start":{"line":12,"column":0},"end":{"line":12,"column":55}},"2":{"start":{"line":13,"column":0},"end":{"line":13,"column":61}},"3":{"start":{"line":14,"column":0},"end":{"line":14,"column":34}},"4":{"start":{"line":36,"column":22},"end":{"line":36,"column":66}},"5":{"start":{"line":37,"column":25},"end":{"line":37,"column":48}},"6":{"start":{"line":40,"column":4},"end":{"line":45,"column":5}},"7":{"start":{"line":41,"column":6},"end":{"line":44,"column":8}},"8":{"start":{"line":48,"column":4},"end":{"line":55,"column":5}},"9":{"start":{"line":49,"column":6},"end":{"line":54,"column":7}},"10":{"start":{"line":50,"column":8},"end":{"line":53,"column":10}},"11":{"start":{"line":57,"column":4},"end":{"line":57,"column":27}},"12":{"start":{"line":66,"column":4},"end":{"line":106,"column":5}},"13":{"start":{"line":67,"column":21},"end":{"line":70,"column":8}},"14":{"start":{"line":72,"column":6},"end":{"line":75,"column":7}},"15":{"start":{"line":73,"column":8},"end":{"line":73,"column":54}},"16":{"start":{"line":74,"column":8},"end":{"line":74,"column":20}},"17":{"start":{"line":77,"column":20},"end":{"line":77,"column":36}},"18":{"start":{"line":80,"column":25},"end":{"line":80,"column":58}},"19":{"start":{"line":81,"column":6},"end":{"line":85,"column":7}},"20":{"start":{"line":82,"column":8},"end":{"line":82,"column":55}},"21":{"start":{"line":83,"column":8},"end":{"line":83,"column":75}},"22":{"start":{"line":84,"column":8},"end":{"line":84,"column":20}},"23":{"start":{"line":88,"column":23},"end":{"line":88,"column":45}},"24":{"start":{"line":89,"column":22},"end":{"line":89,"column":43}},"25":{"start":{"line":91,"column":6},"end":{"line":94,"column":9}},"26":{"start":{"line":96,"column":6},"end":{"line":101,"column":8}},"27":{"start":{"line":103,"column":6},"end":{"line":103,"column":46}},"28":{"start":{"line":104,"column":6},"end":{"line":104,"column":60}},"29":{"start":{"line":105,"column":6},"end":{"line":105,"column":18}},"30":{"start":{"line":117,"column":4},"end":{"line":127,"column":5}},"31":{"start":{"line":118,"column":6},"end":{"line":122,"column":7}},"32":{"start":{"line":119,"column":8},"end":{"line":119,"column":65}},"33":{"start":{"line":121,"column":8},"end":{"line":121,"column":55}},"34":{"start":{"line":124,"column":6},"end":{"line":124,"column":50}},"35":{"start":{"line":125,"column":6},"end":{"line":125,"column":60}},"36":{"start":{"line":126,"column":6},"end":{"line":126,"column":19}},"37":{"start":{"line":138,"column":4},"end":{"line":154,"column":5}},"38":{"start":{"line":139,"column":19},"end":{"line":139,"column":58}},"39":{"start":{"line":140,"column":18},"end":{"line":140,"column":43}},"40":{"start":{"line":141,"column":19},"end":{"line":141,"column":46}},"41":{"start":{"line":142,"column":6},"end":{"line":142,"column":22}},"42":{"start":{"line":143,"column":6},"end":{"line":143,"column":31}},"43":{"start":{"line":144,"column":6},"end":{"line":144,"column":38}},"44":{"start":{"line":145,"column":6},"end":{"line":145,"column":19}},"45":{"start":{"line":146,"column":6},"end":{"line":146,"column":38}},"46":{"start":{"line":147,"column":6},"end":{"line":147,"column":31}},"47":{"start":{"line":149,"column":6},"end":{"line":149,"column":70}},"48":{"start":{"line":150,"column":6},"end":{"line":150,"column":18}},"49":{"start":{"line":152,"column":6},"end":{"line":152,"column":49}},"50":{"start":{"line":153,"column":6},"end":{"line":153,"column":19}},"51":{"start":{"line":164,"column":4},"end":{"line":179,"column":5}},"52":{"start":{"line":165,"column":21},"end":{"line":168,"column":8}},"53":{"start":{"line":170,"column":6},"end":{"line":173,"column":7}},"54":{"start":{"line":171,"column":8},"end":{"line":171,"column":71}},"55":{"start":{"line":172,"column":8},"end":{"line":172,"column":20}},"56":{"start":{"line":175,"column":6},"end":{"line":175,"column":19}},"57":{"start":{"line":177,"column":6},"end":{"line":177,"column":49}},"58":{"start":{"line":178,"column":6},"end":{"line":178,"column":19}},"59":{"start":{"line":186,"column":4},"end":{"line":207,"column":5}},"60":{"start":{"line":187,"column":6},"end":{"line":202,"column":7}},"61":{"start":{"line":189,"column":8},"end":{"line":193,"column":9}},"62":{"start":{"line":190,"column":10},"end":{"line":190,"column":55}},"63":{"start":{"line":191,"column":10},"end":{"line":191,"column":64}},"64":{"start":{"line":192,"column":10},"end":{"line":192,"column":22}},"65":{"start":{"line":194,"column":8},"end":{"line":194,"column":21}},"66":{"start":{"line":196,"column":23},"end":{"line":199,"column":10}},"67":{"start":{"line":201,"column":8},"end":{"line":201,"column":52}},"68":{"start":{"line":204,"column":6},"end":{"line":204,"column":50}},"69":{"start":{"line":205,"column":6},"end":{"line":205,"column":54}},"70":{"start":{"line":206,"column":6},"end":{"line":206,"column":19}},"71":{"start":{"line":212,"column":13},"end":{"line":212,"column":50}}},"fnMap":{"0":{"name":"(anonymous_9)","decl":{"start":{"line":32,"column":10},"end":{"line":32,"column":22}},"loc":{"start":{"line":34,"column":39},"end":{"line":58,"column":3}}},"1":{"name":"(anonymous_10)","decl":{"start":{"line":63,"column":2},"end":{"line":63,"column":7}},"loc":{"start":{"line":64,"column":39},"end":{"line":107,"column":3}}},"2":{"name":"(anonymous_11)","decl":{"start":{"line":112,"column":2},"end":{"line":112,"column":7}},"loc":{"start":{"line":115,"column":35},"end":{"line":128,"column":3}}},"3":{"name":"(anonymous_12)","decl":{"start":{"line":133,"column":10},"end":{"line":133,"column":25}},"loc":{"start":{"line":136,"column":20},"end":{"line":155,"column":3}}},"4":{"name":"(anonymous_13)","decl":{"start":{"line":160,"column":10},"end":{"line":160,"column":15}},"loc":{"start":{"line":162,"column":20},"end":{"line":180,"column":3}}},"5":{"name":"(anonymous_14)","decl":{"start":{"line":185,"column":2},"end":{"line":185,"column":7}},"loc":{"start":{"line":185,"column":52},"end":{"line":208,"column":3}}}},"branchMap":{"0":{"loc":{"start":{"line":34,"column":4},"end":{"line":34,"column":39}},"type":"default-arg","locations":[{"start":{"line":34,"column":37},"end":{"line":34,"column":39}}]},"1":{"loc":{"start":{"line":36,"column":22},"end":{"line":36,"column":66}},"type":"binary-expr","locations":[{"start":{"line":36,"column":22},"end":{"line":36,"column":39}},{"start":{"line":36,"column":43},"end":{"line":36,"column":66}}]},"2":{"loc":{"start":{"line":40,"column":4},"end":{"line":45,"column":5}},"type":"if","locations":[{"start":{"line":40,"column":4},"end":{"line":45,"column":5}},{"start":{},"end":{}}]},"3":{"loc":{"start":{"line":40,"column":8},"end":{"line":40,"column":47}},"type":"binary-expr","locations":[{"start":{"line":40,"column":8},"end":{"line":40,"column":18}},{"start":{"line":40,"column":22},"end":{"line":40,"column":47}}]},"4":{"loc":{"start":{"line":48,"column":4},"end":{"line":55,"column":5}},"type":"if","locations":[{"start":{"line":48,"column":4},"end":{"line":55,"column":5}},{"start":{},"end":{}}]},"5":{"loc":{"start":{"line":48,"column":8},"end":{"line":48,"column":46}},"type":"binary-expr","locations":[{"start":{"line":48,"column":8},"end":{"line":48,"column":28}},{"start":{"line":48,"column":32},"end":{"line":48,"column":46}}]},"6":{"loc":{"start":{"line":49,"column":6},"end":{"line":54,"column":7}},"type":"if","locations":[{"start":{"line":49,"column":6},"end":{"line":54,"column":7}},{"start":{},"end":{}}]},"7":{"loc":{"start":{"line":64,"column":4},"end":{"line":64,"column":39}},"type":"default-arg","locations":[{"start":{"line":64,"column":37},"end":{"line":64,"column":39}}]},"8":{"loc":{"start":{"line":68,"column":14},"end":{"line":68,"column":43}},"type":"binary-expr","locations":[{"start":{"line":68,"column":14},"end":{"line":68,"column":34}},{"start":{"line":68,"column":38},"end":{"line":68,"column":43}}]},"9":{"loc":{"start":{"line":72,"column":6},"end":{"line":75,"column":7}},"type":"if","locations":[{"start":{"line":72,"column":6},"end":{"line":75,"column":7}},{"start":{},"end":{}}]},"10":{"loc":{"start":{"line":81,"column":6},"end":{"line":85,"column":7}},"type":"if","locations":[{"start":{"line":81,"column":6},"end":{"line":85,"column":7}},{"start":{},"end":{}}]},"11":{"loc":{"start":{"line":99,"column":14},"end":{"line":99,"column":29}},"type":"binary-expr","locations":[{"start":{"line":99,"column":14},"end":{"line":99,"column":24}},{"start":{"line":99,"column":28},"end":{"line":99,"column":29}}]},"12":{"loc":{"start":{"line":115,"column":4},"end":{"line":115,"column":35}},"type":"default-arg","locations":[{"start":{"line":115,"column":23},"end":{"line":115,"column":35}}]},"13":{"loc":{"start":{"line":118,"column":6},"end":{"line":122,"column":7}},"type":"if","locations":[{"start":{"line":118,"column":6},"end":{"line":122,"column":7}},{"start":{"line":120,"column":13},"end":{"line":122,"column":7}}]},"14":{"loc":{"start":{"line":170,"column":6},"end":{"line":173,"column":7}},"type":"if","locations":[{"start":{"line":170,"column":6},"end":{"line":173,"column":7}},{"start":{},"end":{}}]},"15":{"loc":{"start":{"line":187,"column":6},"end":{"line":202,"column":7}},"type":"if","locations":[{"start":{"line":187,"column":6},"end":{"line":202,"column":7}},{"start":{"line":195,"column":13},"end":{"line":202,"column":7}}]},"16":{"loc":{"start":{"line":189,"column":8},"end":{"line":193,"column":9}},"type":"if","locations":[{"start":{"line":189,"column":8},"end":{"line":193,"column":9}},{"start":{},"end":{}}]},"17":{"loc":{"start":{"line":198,"column":17},"end":{"line":198,"column":41}},"type":"binary-expr","locations":[{"start":{"line":198,"column":17},"end":{"line":198,"column":22}},{"start":{"line":198,"column":26},"end":{"line":198,"column":41}}]}},"s":{"0":1,"1":1,"2":1,"3":1,"4":4,"5":4,"6":4,"7":1,"8":3,"9":2,"10":1,"11":2,"12":5,"13":5,"14":5,"15":1,"16":1,"17":4,"18":4,"19":4,"20":2,"21":2,"22":2,"23":2,"24":1,"25":1,"26":1,"27":1,"28":1,"29":1,"30":3,"31":3,"32":3,"33":0,"34":0,"35":0,"36":0,"37":3,"38":3,"39":3,"40":3,"41":3,"42":3,"43":3,"44":3,"45":3,"46":3,"47":3,"48":3,"49":0,"50":0,"51":0,"52":0,"53":0,"54":0,"55":0,"56":0,"57":0,"58":0,"59":0,"60":0,"61":0,"62":0,"63":0,"64":0,"65":0,"66":0,"67":0,"68":0,"69":0,"70":0,"71":1},"f":{"0":4,"1":5,"2":3,"3":3,"4":0,"5":0},"b":{"0":[0],"1":[4,3],"2":[1,3],"3":[4,4],"4":[2,1],"5":[3,2],"6":[1,1],"7":[2],"8":[5,3],"9":[1,4],"10":[2,2],"11":[1,0],"12":[1],"13":[3,0],"14":[0,0],"15":[0,0],"16":[0,0],"17":[0,0]}}
,"/var/www/human-utils/packages/app/src/services/Logger.ts": {"path":"/var/www/human-utils/packages/app/src/services/Logger.ts","statementMap":{"0":{"start":{"line":19,"column":10},"end":{"line":19,"column":34}},"1":{"start":{"line":25,"column":4},"end":{"line":27,"column":5}},"2":{"start":{"line":26,"column":6},"end":{"line":26,"column":55}},"3":{"start":{"line":34,"column":4},"end":{"line":36,"column":5}},"4":{"start":{"line":35,"column":6},"end":{"line":35,"column":54}},"5":{"start":{"line":43,"column":4},"end":{"line":43,"column":53}},"6":{"start":{"line":50,"column":22},"end":{"line":54,"column":17}},"7":{"start":{"line":56,"column":4},"end":{"line":56,"column":70}},"8":{"start":{"line":59,"column":4},"end":{"line":61,"column":5}},"9":{"start":{"line":60,"column":6},"end":{"line":60,"column":56}},"10":{"start":{"line":68,"column":4},"end":{"line":70,"column":5}},"11":{"start":{"line":69,"column":6},"end":{"line":69,"column":78}},"12":{"start":{"line":77,"column":18},"end":{"line":77,"column":35}},"13":{"start":{"line":78,"column":4},"end":{"line":81,"column":6}},"14":{"start":{"line":79,"column":23},"end":{"line":79,"column":48}},"15":{"start":{"line":80,"column":6},"end":{"line":80,"column":40}},"16":{"start":{"line":95,"column":4},"end":{"line":95,"column":68}},"17":{"start":{"line":102,"column":4},"end":{"line":104,"column":5}},"18":{"start":{"line":103,"column":6},"end":{"line":103,"column":63}},"19":{"start":{"line":111,"column":13},"end":{"line":111,"column":42}}},"fnMap":{"0":{"name":"(anonymous_0)","decl":{"start":{"line":18,"column":0},"end":{"line":18,"column":6}},"loc":{"start":{"line":18,"column":0},"end":{"line":108,"column":1}}},"1":{"name":"(anonymous_1)","decl":{"start":{"line":24,"column":2},"end":{"line":24,"column":7}},"loc":{"start":{"line":24,"column":45},"end":{"line":28,"column":3}}},"2":{"name":"(anonymous_2)","decl":{"start":{"line":33,"column":2},"end":{"line":33,"column":6}},"loc":{"start":{"line":33,"column":44},"end":{"line":37,"column":3}}},"3":{"name":"(anonymous_3)","decl":{"start":{"line":42,"column":2},"end":{"line":42,"column":6}},"loc":{"start":{"line":42,"column":44},"end":{"line":44,"column":3}}},"4":{"name":"(anonymous_4)","decl":{"start":{"line":49,"column":2},"end":{"line":49,"column":7}},"loc":{"start":{"line":49,"column":70},"end":{"line":62,"column":3}}},"5":{"name":"(anonymous_5)","decl":{"start":{"line":67,"column":2},"end":{"line":67,"column":13}},"loc":{"start":{"line":67,"column":67},"end":{"line":71,"column":3}}},"6":{"name":"(anonymous_6)","decl":{"start":{"line":76,"column":2},"end":{"line":76,"column":12}},"loc":{"start":{"line":76,"column":26},"end":{"line":82,"column":3}}},"7":{"name":"(anonymous_7)","decl":{"start":{"line":78,"column":11},"end":{"line":78,"column":14}},"loc":{"start":{"line":78,"column":16},"end":{"line":81,"column":5}}},"8":{"name":"(anonymous_8)","decl":{"start":{"line":88,"column":10},"end":{"line":88,"column":29}},"loc":{"start":{"line":91,"column":24},"end":{"line":96,"column":3}}},"9":{"name":"(anonymous_9)","decl":{"start":{"line":101,"column":2},"end":{"line":101,"column":15}},"loc":{"start":{"line":101,"column":55},"end":{"line":107,"column":3}}}},"branchMap":{"0":{"loc":{"start":{"line":25,"column":4},"end":{"line":27,"column":5}},"type":"if","locations":[{"start":{"line":25,"column":4},"end":{"line":27,"column":5}},{"start":{},"end":{}}]},"1":{"loc":{"start":{"line":26,"column":40},"end":{"line":26,"column":53}},"type":"binary-expr","locations":[{"start":{"line":26,"column":40},"end":{"line":26,"column":47}},{"start":{"line":26,"column":51},"end":{"line":26,"column":53}}]},"2":{"loc":{"start":{"line":34,"column":4},"end":{"line":36,"column":5}},"type":"if","locations":[{"start":{"line":34,"column":4},"end":{"line":36,"column":5}},{"start":{},"end":{}}]},"3":{"loc":{"start":{"line":35,"column":39},"end":{"line":35,"column":52}},"type":"binary-expr","locations":[{"start":{"line":35,"column":39},"end":{"line":35,"column":46}},{"start":{"line":35,"column":50},"end":{"line":35,"column":52}}]},"4":{"loc":{"start":{"line":43,"column":38},"end":{"line":43,"column":51}},"type":"binary-expr","locations":[{"start":{"line":43,"column":38},"end":{"line":43,"column":45}},{"start":{"line":43,"column":49},"end":{"line":43,"column":51}}]},"5":{"loc":{"start":{"line":50,"column":22},"end":{"line":54,"column":17}},"type":"cond-expr","locations":[{"start":{"line":50,"column":47},"end":{"line":54,"column":6}},{"start":{"line":54,"column":8},"end":{"line":54,"column":17}}]},"6":{"loc":{"start":{"line":59,"column":4},"end":{"line":61,"column":5}},"type":"if","locations":[{"start":{"line":59,"column":4},"end":{"line":61,"column":5}},{"start":{},"end":{}}]},"7":{"loc":{"start":{"line":59,"column":8},"end":{"line":59,"column":53}},"type":"binary-expr","locations":[{"start":{"line":59,"column":8},"end":{"line":59,"column":27}},{"start":{"line":59,"column":31},"end":{"line":59,"column":53}}]},"8":{"loc":{"start":{"line":68,"column":4},"end":{"line":70,"column":5}},"type":"if","locations":[{"start":{"line":68,"column":4},"end":{"line":70,"column":5}},{"start":{},"end":{}}]},"9":{"loc":{"start":{"line":69,"column":63},"end":{"line":69,"column":76}},"type":"binary-expr","locations":[{"start":{"line":69,"column":63},"end":{"line":69,"column":70}},{"start":{"line":69,"column":74},"end":{"line":69,"column":76}}]},"10":{"loc":{"start":{"line":102,"column":4},"end":{"line":104,"column":5}},"type":"if","locations":[{"start":{"line":102,"column":4},"end":{"line":104,"column":5}},{"start":{},"end":{}}]},"11":{"loc":{"start":{"line":103,"column":45},"end":{"line":103,"column":61}},"type":"binary-expr","locations":[{"start":{"line":103,"column":45},"end":{"line":103,"column":55}},{"start":{"line":103,"column":59},"end":{"line":103,"column":61}}]}},"s":{"0":2,"1":3,"2":3,"3":5,"4":5,"5":4,"6":4,"7":4,"8":4,"9":0,"10":6,"11":6,"12":3,"13":3,"14":3,"15":3,"16":0,"17":2,"18":2,"19":2},"f":{"0":2,"1":3,"2":5,"3":4,"4":4,"5":6,"6":3,"7":3,"8":0,"9":2},"b":{"0":[3,0],"1":[3,2],"2":[5,0],"3":[5,1],"4":[4,1],"5":[3,1],"6":[0,4],"7":[4,0],"8":[6,0],"9":[6,6],"10":[2,0],"11":[2,1]}}
,"/var/www/human-utils/packages/cli/src/utils/crypto.ts": {"path":"/var/www/human-utils/packages/cli/src/utils/crypto.ts","statementMap":{"0":{"start":{"line":14,"column":33},"end":{"line":16,"column":1}},"1":{"start":{"line":15,"column":2},"end":{"line":15,"column":80}},"2":{"start":{"line":14,"column":13},"end":{"line":14,"column":33}},"3":{"start":{"line":24,"column":29},"end":{"line":42,"column":1}},"4":{"start":{"line":25,"column":2},"end":{"line":41,"column":3}},"5":{"start":{"line":26,"column":4},"end":{"line":32,"column":5}},"6":{"start":{"line":28,"column":21},"end":{"line":28,"column":38}},"7":{"start":{"line":29,"column":6},"end":{"line":29,"column":33}},"8":{"start":{"line":31,"column":6},"end":{"line":31,"column":61}},"9":{"start":{"line":34,"column":4},"end":{"line":40,"column":5}},"10":{"start":{"line":36,"column":21},"end":{"line":36,"column":43}},"11":{"start":{"line":37,"column":6},"end":{"line":37,"column":33}},"12":{"start":{"line":39,"column":6},"end":{"line":39,"column":90}},"13":{"start":{"line":24,"column":13},"end":{"line":24,"column":29}},"14":{"start":{"line":51,"column":30},"end":{"line":94,"column":1}},"15":{"start":{"line":52,"column":2},"end":{"line":93,"column":3}},"16":{"start":{"line":53,"column":4},"end":{"line":59,"column":5}},"17":{"start":{"line":54,"column":21},"end":{"line":54,"column":38}},"18":{"start":{"line":55,"column":21},"end":{"line":55,"column":47}},"19":{"start":{"line":56,"column":6},"end":{"line":56,"column":32}},"20":{"start":{"line":58,"column":6},"end":{"line":58,"column":61}},"21":{"start":{"line":61,"column":4},"end":{"line":92,"column":5}},"22":{"start":{"line":63,"column":20},"end":{"line":63,"column":42}},"23":{"start":{"line":66,"column":6},"end":{"line":69,"column":7}},"24":{"start":{"line":67,"column":8},"end":{"line":67,"column":38}},"25":{"start":{"line":68,"column":8},"end":{"line":68,"column":33}},"26":{"start":{"line":72,"column":21},"end":{"line":72,"column":43}},"27":{"start":{"line":73,"column":19},"end":{"line":73,"column":38}},"28":{"start":{"line":74,"column":18},"end":{"line":74,"column":40}},"29":{"start":{"line":75,"column":20},"end":{"line":75,"column":22}},"30":{"start":{"line":76,"column":6},"end":{"line":78,"column":7}},"31":{"start":{"line":76,"column":19},"end":{"line":76,"column":20}},"32":{"start":{"line":77,"column":8},"end":{"line":77,"column":51}},"33":{"start":{"line":81,"column":6},"end":{"line":87,"column":7}},"34":{"start":{"line":82,"column":31},"end":{"line":82,"column":50}},"35":{"start":{"line":83,"column":30},"end":{"line":83,"column":62}},"36":{"start":{"line":84,"column":8},"end":{"line":86,"column":9}},"37":{"start":{"line":84,"column":21},"end":{"line":84,"column":22}},"38":{"start":{"line":85,"column":10},"end":{"line":85,"column":63}},"39":{"start":{"line":89,"column":6},"end":{"line":89,"column":36}},"40":{"start":{"line":91,"column":6},"end":{"line":91,"column":90}},"41":{"start":{"line":51,"column":13},"end":{"line":51,"column":30}},"42":{"start":{"line":102,"column":30},"end":{"line":115,"column":1}},"43":{"start":{"line":103,"column":2},"end":{"line":114,"column":3}},"44":{"start":{"line":104,"column":4},"end":{"line":110,"column":5}},"45":{"start":{"line":105,"column":21},"end":{"line":105,"column":38}},"46":{"start":{"line":106,"column":25},"end":{"line":106,"column":85}},"47":{"start":{"line":107,"column":6},"end":{"line":107,"column":40}},"48":{"start":{"line":109,"column":6},"end":{"line":109,"column":61}},"49":{"start":{"line":113,"column":4},"end":{"line":113,"column":26}},"50":{"start":{"line":102,"column":13},"end":{"line":102,"column":30}},"51":{"start":{"line":124,"column":17},"end":{"line":208,"column":1}},"52":{"start":{"line":126,"column":11},"end":{"line":126,"column":21}},"53":{"start":{"line":127,"column":11},"end":{"line":127,"column":21}},"54":{"start":{"line":128,"column":11},"end":{"line":128,"column":21}},"55":{"start":{"line":129,"column":11},"end":{"line":129,"column":21}},"56":{"start":{"line":130,"column":11},"end":{"line":130,"column":21}},"57":{"start":{"line":133,"column":17},"end":{"line":133,"column":28}},"58":{"start":{"line":134,"column":17},"end":{"line":134,"column":27}},"59":{"start":{"line":137,"column":23},"end":{"line":137,"column":56}},"60":{"start":{"line":138,"column":17},"end":{"line":138,"column":45}},"61":{"start":{"line":139,"column":2},"end":{"line":139,"column":19}},"62":{"start":{"line":140,"column":2},"end":{"line":140,"column":24}},"63":{"start":{"line":143,"column":15},"end":{"line":143,"column":42}},"64":{"start":{"line":144,"column":2},"end":{"line":144,"column":76}},"65":{"start":{"line":145,"column":2},"end":{"line":145,"column":56}},"66":{"start":{"line":148,"column":2},"end":{"line":196,"column":3}},"67":{"start":{"line":148,"column":15},"end":{"line":148,"column":16}},"68":{"start":{"line":149,"column":14},"end":{"line":149,"column":33}},"69":{"start":{"line":152,"column":4},"end":{"line":154,"column":5}},"70":{"start":{"line":152,"column":17},"end":{"line":152,"column":18}},"71":{"start":{"line":153,"column":6},"end":{"line":153,"column":46}},"72":{"start":{"line":157,"column":4},"end":{"line":160,"column":5}},"73":{"start":{"line":157,"column":17},"end":{"line":157,"column":19}},"74":{"start":{"line":158,"column":19},"end":{"line":158,"column":62}},"75":{"start":{"line":159,"column":6},"end":{"line":159,"column":41}},"76":{"start":{"line":163,"column":12},"end":{"line":163,"column":14}},"77":{"start":{"line":163,"column":20},"end":{"line":163,"column":22}},"78":{"start":{"line":163,"column":28},"end":{"line":163,"column":30}},"79":{"start":{"line":163,"column":36},"end":{"line":163,"column":38}},"80":{"start":{"line":163,"column":44},"end":{"line":163,"column":46}},"81":{"start":{"line":166,"column":4},"end":{"line":188,"column":5}},"82":{"start":{"line":166,"column":17},"end":{"line":166,"column":18}},"83":{"start":{"line":168,"column":6},"end":{"line":180,"column":7}},"84":{"start":{"line":169,"column":8},"end":{"line":169,"column":33}},"85":{"start":{"line":170,"column":8},"end":{"line":170,"column":23}},"86":{"start":{"line":171,"column":13},"end":{"line":180,"column":7}},"87":{"start":{"line":172,"column":8},"end":{"line":172,"column":22}},"88":{"start":{"line":173,"column":8},"end":{"line":173,"column":23}},"89":{"start":{"line":174,"column":13},"end":{"line":180,"column":7}},"90":{"start":{"line":175,"column":8},"end":{"line":175,"column":40}},"91":{"start":{"line":176,"column":8},"end":{"line":176,"column":23}},"92":{"start":{"line":178,"column":8},"end":{"line":178,"column":22}},"93":{"start":{"line":179,"column":8},"end":{"line":179,"column":23}},"94":{"start":{"line":182,"column":19},"end":{"line":182,"column":61}},"95":{"start":{"line":183,"column":6},"end":{"line":183,"column":12}},"96":{"start":{"line":184,"column":6},"end":{"line":184,"column":12}},"97":{"start":{"line":185,"column":6},"end":{"line":185,"column":32}},"98":{"start":{"line":186,"column":6},"end":{"line":186,"column":12}},"99":{"start":{"line":187,"column":6},"end":{"line":187,"column":21}},"100":{"start":{"line":191,"column":4},"end":{"line":191,"column":24}},"101":{"start":{"line":192,"column":4},"end":{"line":192,"column":24}},"102":{"start":{"line":193,"column":4},"end":{"line":193,"column":24}},"103":{"start":{"line":194,"column":4},"end":{"line":194,"column":24}},"104":{"start":{"line":195,"column":4},"end":{"line":195,"column":24}},"105":{"start":{"line":199,"column":17},"end":{"line":199,"column":35}},"106":{"start":{"line":200,"column":21},"end":{"line":200,"column":48}},"107":{"start":{"line":201,"column":2},"end":{"line":201,"column":37}},"108":{"start":{"line":202,"column":2},"end":{"line":202,"column":37}},"109":{"start":{"line":203,"column":2},"end":{"line":203,"column":37}},"110":{"start":{"line":204,"column":2},"end":{"line":204,"column":38}},"111":{"start":{"line":205,"column":2},"end":{"line":205,"column":38}},"112":{"start":{"line":207,"column":2},"end":{"line":207,"column":16}}},"fnMap":{"0":{"name":"(anonymous_0)","decl":{"start":{"line":14,"column":33},"end":{"line":14,"column":45}},"loc":{"start":{"line":14,"column":47},"end":{"line":16,"column":1}}},"1":{"name":"(anonymous_1)","decl":{"start":{"line":24,"column":29},"end":{"line":24,"column":40}},"loc":{"start":{"line":24,"column":42},"end":{"line":42,"column":1}}},"2":{"name":"(anonymous_2)","decl":{"start":{"line":51,"column":30},"end":{"line":51,"column":31}},"loc":{"start":{"line":51,"column":59},"end":{"line":94,"column":1}}},"3":{"name":"(anonymous_3)","decl":{"start":{"line":102,"column":30},"end":{"line":102,"column":31}},"loc":{"start":{"line":102,"column":63},"end":{"line":115,"column":1}}},"4":{"name":"(anonymous_4)","decl":{"start":{"line":124,"column":17},"end":{"line":124,"column":18}},"loc":{"start":{"line":124,"column":50},"end":{"line":208,"column":1}}}},"branchMap":{"0":{"loc":{"start":{"line":15,"column":9},"end":{"line":15,"column":79}},"type":"binary-expr","locations":[{"start":{"line":15,"column":9},"end":{"line":15,"column":39}},{"start":{"line":15,"column":43},"end":{"line":15,"column":79}}]},"1":{"loc":{"start":{"line":25,"column":2},"end":{"line":41,"column":3}},"type":"if","locations":[{"start":{"line":25,"column":2},"end":{"line":41,"column":3}},{"start":{"line":33,"column":9},"end":{"line":41,"column":3}}]},"2":{"loc":{"start":{"line":52,"column":2},"end":{"line":93,"column":3}},"type":"if","locations":[{"start":{"line":52,"column":2},"end":{"line":93,"column":3}},{"start":{"line":60,"column":9},"end":{"line":93,"column":3}}]},"3":{"loc":{"start":{"line":66,"column":6},"end":{"line":69,"column":7}},"type":"if","locations":[{"start":{"line":66,"column":6},"end":{"line":69,"column":7}},{"start":{},"end":{}}]},"4":{"loc":{"start":{"line":66,"column":10},"end":{"line":66,"column":65}},"type":"binary-expr","locations":[{"start":{"line":66,"column":10},"end":{"line":66,"column":39}},{"start":{"line":66,"column":43},"end":{"line":66,"column":65}}]},"5":{"loc":{"start":{"line":84,"column":24},"end":{"line":84,"column":73}},"type":"binary-expr","locations":[{"start":{"line":84,"column":24},"end":{"line":84,"column":48}},{"start":{"line":84,"column":52},"end":{"line":84,"column":73}}]},"6":{"loc":{"start":{"line":103,"column":2},"end":{"line":114,"column":3}},"type":"if","locations":[{"start":{"line":103,"column":2},"end":{"line":114,"column":3}},{"start":{"line":111,"column":9},"end":{"line":114,"column":3}}]},"7":{"loc":{"start":{"line":168,"column":6},"end":{"line":180,"column":7}},"type":"if","locations":[{"start":{"line":168,"column":6},"end":{"line":180,"column":7}},{"start":{"line":171,"column":13},"end":{"line":180,"column":7}}]},"8":{"loc":{"start":{"line":171,"column":13},"end":{"line":180,"column":7}},"type":"if","locations":[{"start":{"line":171,"column":13},"end":{"line":180,"column":7}},{"start":{"line":174,"column":13},"end":{"line":180,"column":7}}]},"9":{"loc":{"start":{"line":174,"column":13},"end":{"line":180,"column":7}},"type":"if","locations":[{"start":{"line":174,"column":13},"end":{"line":180,"column":7}},{"start":{"line":177,"column":13},"end":{"line":180,"column":7}}]}},"s":{"0":1,"1":1019,"2":1,"3":1,"4":1003,"5":1003,"6":1003,"7":1003,"8":0,"9":0,"10":0,"11":0,"12":0,"13":1,"14":1,"15":7,"16":7,"17":7,"18":7,"19":7,"20":0,"21":0,"22":0,"23":0,"24":0,"25":0,"26":0,"27":0,"28":0,"29":0,"30":0,"31":0,"32":0,"33":0,"34":0,"35":0,"36":0,"37":0,"38":0,"39":0,"40":0,"41":1,"42":1,"43":7,"44":7,"45":7,"46":7,"47":7,"48":0,"49":0,"50":1,"51":1,"52":0,"53":0,"54":0,"55":0,"56":0,"57":0,"58":0,"59":0,"60":0,"61":0,"62":0,"63":0,"64":0,"65":0,"66":0,"67":0,"68":0,"69":0,"70":0,"71":0,"72":0,"73":0,"74":0,"75":0,"76":0,"77":0,"78":0,"79":0,"80":0,"81":0,"82":0,"83":0,"84":0,"85":0,"86":0,"87":0,"88":0,"89":0,"90":0,"91":0,"92":0,"93":0,"94":0,"95":0,"96":0,"97":0,"98":0,"99":0,"100":0,"101":0,"102":0,"103":0,"104":0,"105":0,"106":0,"107":0,"108":0,"109":0,"110":0,"111":0,"112":0},"f":{"0":1019,"1":1003,"2":7,"3":7,"4":0},"b":{"0":[1019,1019],"1":[1003,0],"2":[7,0],"3":[0,0],"4":[0,0],"5":[0,0],"6":[7,0],"7":[0,0],"8":[0,0],"9":[0,0]}}
}
