TN:
SF:packages/app/src/hooks/index.ts
FN:10,(anonymous_0)
FN:11,(anonymous_1)
FN:12,(anonymous_2)
FNF:3
FNH:0
FNDA:0,(anonymous_0)
FNDA:0,(anonymous_1)
FNDA:0,(anonymous_2)
DA:10,0
DA:11,0
DA:12,0
LF:3
LH:0
BRF:0
BRH:0
end_of_record
TN:
SF:packages/app/src/hooks/useClipboard.ts
FN:15,(anonymous_9)
FN:19,(anonymous_10)
FN:36,(anonymous_11)
FN:51,(anonymous_12)
FNF:4
FNH:0
FNDA:0,(anonymous_9)
FNDA:0,(anonymous_10)
FNDA:0,(anonymous_11)
FNDA:0,(anonymous_12)
DA:10,0
DA:11,0
DA:12,0
DA:13,0
DA:15,0
DA:19,0
DA:23,0
DA:24,0
DA:25,0
DA:26,0
DA:28,0
DA:29,0
DA:36,0
DA:37,0
DA:38,0
DA:39,0
DA:40,0
DA:42,0
DA:43,0
DA:44,0
DA:51,0
DA:52,0
DA:53,0
DA:54,0
DA:56,0
DA:57,0
DA:61,0
LF:27
LH:0
BRDA:21,0,0,0
BRF:1
BRH:0
end_of_record
TN:
SF:packages/app/src/hooks/useDebounce.ts
FN:31,(anonymous_0)
FN:37,(anonymous_1)
FN:38,(anonymous_2)
FN:42,(anonymous_3)
FNF:4
FNH:0
FNDA:0,(anonymous_0)
FNDA:0,(anonymous_1)
FNDA:0,(anonymous_2)
FNDA:0,(anonymous_3)
DA:10,0
DA:11,0
DA:31,0
DA:35,0
DA:37,0
DA:38,0
DA:39,0
DA:42,0
DA:43,0
DA:47,0
LF:10
LH:0
BRDA:33,0,0,0
BRF:1
BRH:0
end_of_record
TN:
SF:packages/app/src/hooks/useHistory.ts
FN:20,(anonymous_0)
FN:28,(anonymous_1)
FN:35,(anonymous_2)
FN:41,(anonymous_3)
FN:50,(anonymous_4)
FN:62,(anonymous_5)
FN:63,(anonymous_6)
FN:63,(anonymous_7)
FN:69,(anonymous_8)
FN:70,(anonymous_9)
FNF:10
FNH:0
FNDA:0,(anonymous_0)
FNDA:0,(anonymous_1)
FNDA:0,(anonymous_2)
FNDA:0,(anonymous_3)
FNDA:0,(anonymous_4)
FNDA:0,(anonymous_5)
FNDA:0,(anonymous_6)
FNDA:0,(anonymous_7)
FNDA:0,(anonymous_8)
FNDA:0,(anonymous_9)
DA:10,0
DA:11,0
DA:12,0
DA:20,0
DA:23,0
DA:28,0
DA:29,0
DA:35,0
DA:41,0
DA:42,0
DA:51,0
DA:52,0
DA:62,0
DA:63,0
DA:69,0
DA:70,0
DA:73,0
LF:17
LH:0
BRDA:21,0,0,0
BRDA:52,1,0,0
BRDA:52,1,1,0
BRF:3
BRH:0
end_of_record
TN:
SF:packages/app/src/hooks/__tests__/useDebounce.test.ts
FN:12,(anonymous_0)
FN:13,(anonymous_1)
FN:17,(anonymous_2)
FN:18,(anonymous_3)
FN:22,(anonymous_4)
FN:24,(anonymous_5)
FN:37,(anonymous_6)
FN:45,(anonymous_7)
FN:47,(anonymous_8)
FN:52,(anonymous_9)
FN:57,(anonymous_10)
FN:64,(anonymous_11)
FN:72,(anonymous_12)
FN:74,(anonymous_13)
FN:80,(anonymous_14)
FN:85,(anonymous_15)
FN:91,(anonymous_16)
FN:93,(anonymous_17)
FN:100,(anonymous_18)
FN:107,(anonymous_19)
FN:108,(anonymous_20)
FN:113,(anonymous_21)
FNF:22
FNH:0
FNDA:0,(anonymous_0)
FNDA:0,(anonymous_1)
FNDA:0,(anonymous_2)
FNDA:0,(anonymous_3)
FNDA:0,(anonymous_4)
FNDA:0,(anonymous_5)
FNDA:0,(anonymous_6)
FNDA:0,(anonymous_7)
FNDA:0,(anonymous_8)
FNDA:0,(anonymous_9)
FNDA:0,(anonymous_10)
FNDA:0,(anonymous_11)
FNDA:0,(anonymous_12)
FNDA:0,(anonymous_13)
FNDA:0,(anonymous_14)
FNDA:0,(anonymous_15)
FNDA:0,(anonymous_16)
FNDA:0,(anonymous_17)
FNDA:0,(anonymous_18)
FNDA:0,(anonymous_19)
FNDA:0,(anonymous_20)
FNDA:0,(anonymous_21)
DA:7,0
DA:8,0
DA:10,0
DA:12,0
DA:13,0
DA:14,0
DA:17,0
DA:18,0
DA:19,0
DA:22,0
DA:23,0
DA:24,0
DA:28,0
DA:31,0
DA:34,0
DA:37,0
DA:38,0
DA:42,0
DA:45,0
DA:46,0
DA:47,0
DA:51,0
DA:52,0
DA:53,0
DA:56,0
DA:57,0
DA:58,0
DA:62,0
DA:64,0
DA:65,0
DA:69,0
DA:72,0
DA:73,0
DA:74,0
DA:78,0
DA:80,0
DA:81,0
DA:83,0
DA:85,0
DA:86,0
DA:88,0
DA:91,0
DA:92,0
DA:93,0
DA:97,0
DA:98,0
DA:100,0
DA:101,0
DA:104,0
DA:107,0
DA:108,0
DA:110,0
DA:113,0
DA:114,0
LF:54
LH:0
BRF:0
BRH:0
end_of_record
TN:
SF:packages/app/src/services/FileService.ts
FN:32,(anonymous_9)
FN:63,(anonymous_10)
FN:112,(anonymous_11)
FN:133,(anonymous_12)
FN:160,(anonymous_13)
FN:185,(anonymous_14)
FNF:6
FNH:4
FNDA:4,(anonymous_9)
FNDA:5,(anonymous_10)
FNDA:3,(anonymous_11)
FNDA:3,(anonymous_12)
FNDA:0,(anonymous_13)
FNDA:0,(anonymous_14)
DA:11,1
DA:12,1
DA:13,1
DA:14,1
DA:36,4
DA:37,4
DA:40,4
DA:41,1
DA:48,3
DA:49,2
DA:50,1
DA:57,2
DA:66,5
DA:67,5
DA:72,5
DA:73,1
DA:74,1
DA:77,4
DA:80,4
DA:81,4
DA:82,2
DA:83,2
DA:84,2
DA:88,2
DA:89,1
DA:91,1
DA:96,1
DA:103,1
DA:104,1
DA:105,1
DA:117,3
DA:118,3
DA:119,3
DA:121,0
DA:124,0
DA:125,0
DA:126,0
DA:138,3
DA:139,3
DA:140,3
DA:141,3
DA:142,3
DA:143,3
DA:144,3
DA:145,3
DA:146,3
DA:147,3
DA:149,3
DA:150,3
DA:152,0
DA:153,0
DA:164,0
DA:165,0
DA:170,0
DA:171,0
DA:172,0
DA:175,0
DA:177,0
DA:178,0
DA:186,0
DA:187,0
DA:189,0
DA:190,0
DA:191,0
DA:192,0
DA:194,0
DA:196,0
DA:201,0
DA:204,0
DA:205,0
DA:206,0
DA:212,1
LF:72
LH:46
BRDA:34,0,0,0
BRDA:36,1,0,4
BRDA:36,1,1,3
BRDA:40,2,0,1
BRDA:40,2,1,3
BRDA:40,3,0,4
BRDA:40,3,1,4
BRDA:48,4,0,2
BRDA:48,4,1,1
BRDA:48,5,0,3
BRDA:48,5,1,2
BRDA:49,6,0,1
BRDA:49,6,1,1
BRDA:64,7,0,2
BRDA:68,8,0,5
BRDA:68,8,1,3
BRDA:72,9,0,1
BRDA:72,9,1,4
BRDA:81,10,0,2
BRDA:81,10,1,2
BRDA:99,11,0,1
BRDA:99,11,1,0
BRDA:115,12,0,1
BRDA:118,13,0,3
BRDA:118,13,1,0
BRDA:170,14,0,0
BRDA:170,14,1,0
BRDA:187,15,0,0
BRDA:187,15,1,0
BRDA:189,16,0,0
BRDA:189,16,1,0
BRDA:198,17,0,0
BRDA:198,17,1,0
BRF:33
BRH:22
end_of_record
TN:
SF:packages/app/src/services/Logger.ts
FN:18,(anonymous_0)
FN:24,(anonymous_1)
FN:33,(anonymous_2)
FN:42,(anonymous_3)
FN:49,(anonymous_4)
FN:67,(anonymous_5)
FN:76,(anonymous_6)
FN:78,(anonymous_7)
FN:88,(anonymous_8)
FN:101,(anonymous_9)
FNF:10
FNH:9
FNDA:2,(anonymous_0)
FNDA:3,(anonymous_1)
FNDA:5,(anonymous_2)
FNDA:4,(anonymous_3)
FNDA:4,(anonymous_4)
FNDA:6,(anonymous_5)
FNDA:3,(anonymous_6)
FNDA:3,(anonymous_7)
FNDA:0,(anonymous_8)
FNDA:2,(anonymous_9)
DA:19,2
DA:25,3
DA:26,3
DA:34,5
DA:35,5
DA:43,4
DA:50,4
DA:56,4
DA:59,4
DA:60,0
DA:68,6
DA:69,6
DA:77,3
DA:78,3
DA:79,3
DA:80,3
DA:95,0
DA:102,2
DA:103,2
DA:111,2
LF:20
LH:18
BRDA:25,0,0,3
BRDA:25,0,1,0
BRDA:26,1,0,3
BRDA:26,1,1,2
BRDA:34,2,0,5
BRDA:34,2,1,0
BRDA:35,3,0,5
BRDA:35,3,1,1
BRDA:43,4,0,4
BRDA:43,4,1,1
BRDA:50,5,0,3
BRDA:50,5,1,1
BRDA:59,6,0,0
BRDA:59,6,1,4
BRDA:59,7,0,4
BRDA:59,7,1,0
BRDA:68,8,0,6
BRDA:68,8,1,0
BRDA:69,9,0,6
BRDA:69,9,1,6
BRDA:102,10,0,2
BRDA:102,10,1,0
BRDA:103,11,0,2
BRDA:103,11,1,1
BRF:24
BRH:18
end_of_record
TN:
SF:packages/cli/src/utils/crypto.ts
FN:14,(anonymous_0)
FN:24,(anonymous_1)
FN:51,(anonymous_2)
FN:102,(anonymous_3)
FN:124,(anonymous_4)
FNF:5
FNH:4
FNDA:1019,(anonymous_0)
FNDA:1003,(anonymous_1)
FNDA:7,(anonymous_2)
FNDA:7,(anonymous_3)
FNDA:0,(anonymous_4)
DA:14,1
DA:15,1019
DA:24,1
DA:25,1003
DA:26,1003
DA:28,1003
DA:29,1003
DA:31,0
DA:34,0
DA:36,0
DA:37,0
DA:39,0
DA:51,1
DA:52,7
DA:53,7
DA:54,7
DA:55,7
DA:56,7
DA:58,0
DA:61,0
DA:63,0
DA:66,0
DA:67,0
DA:68,0
DA:72,0
DA:73,0
DA:74,0
DA:75,0
DA:76,0
DA:77,0
DA:81,0
DA:82,0
DA:83,0
DA:84,0
DA:85,0
DA:89,0
DA:91,0
DA:102,1
DA:103,7
DA:104,7
DA:105,7
DA:106,7
DA:107,7
DA:109,0
DA:113,0
DA:124,1
DA:126,0
DA:127,0
DA:128,0
DA:129,0
DA:130,0
DA:133,0
DA:134,0
DA:137,0
DA:138,0
DA:139,0
DA:140,0
DA:143,0
DA:144,0
DA:145,0
DA:148,0
DA:149,0
DA:152,0
DA:153,0
DA:157,0
DA:158,0
DA:159,0
DA:163,0
DA:166,0
DA:168,0
DA:169,0
DA:170,0
DA:171,0
DA:172,0
DA:173,0
DA:174,0
DA:175,0
DA:176,0
DA:178,0
DA:179,0
DA:182,0
DA:183,0
DA:184,0
DA:185,0
DA:186,0
DA:187,0
DA:191,0
DA:192,0
DA:193,0
DA:194,0
DA:195,0
DA:199,0
DA:200,0
DA:201,0
DA:202,0
DA:203,0
DA:204,0
DA:205,0
DA:207,0
LF:99
LH:20
BRDA:15,0,0,1019
BRDA:15,0,1,1019
BRDA:25,1,0,1003
BRDA:25,1,1,0
BRDA:52,2,0,7
BRDA:52,2,1,0
BRDA:66,3,0,0
BRDA:66,3,1,0
BRDA:66,4,0,0
BRDA:66,4,1,0
BRDA:84,5,0,0
BRDA:84,5,1,0
BRDA:103,6,0,7
BRDA:103,6,1,0
BRDA:168,7,0,0
BRDA:168,7,1,0
BRDA:171,8,0,0
BRDA:171,8,1,0
BRDA:174,9,0,0
BRDA:174,9,1,0
BRF:20
BRH:5
end_of_record
